<?xml version="1.0" encoding="UTF-8"?>
<!-- Generated by org.testng.reporters.JUnitXMLReporter -->
<testsuite ignored="0" hostname="DESKTOP-1P5QBPD" failures="0" tests="3" name="My Test" time="13.529" errors="0" timestamp="2023-06-27T17:00:22 IST">
  <testcase classname="BotAutomationProject.DreamHotelSuite.FirstTest" name="DreamHotelTest1" time="5.261"/>
  <testcase classname="BotAutomationProject.DreamHotelSuite.SecondTest" name="DreamHotelTest2" time="3.371"/>
  <testcase classname="BotAutomationProject.DreamHotelSuite.ThirdTest" name="DreamHotelTest3" time="3.538"/>
</testsuite> <!-- My Test -->
