<?xml version="1.0" encoding="UTF-8"?>
<testng-results ignored="0" total="3" passed="3" failed="0" skipped="0">
  <reporter-output>
  </reporter-output>
  <suite started-at="2023-06-27T17:00:09 IST" name="My Test Suite" finished-at="2023-06-27T17:00:22 IST" duration-ms="13529">
    <groups>
    </groups>
    <test started-at="2023-06-27T17:00:09 IST" name="My Test" finished-at="2023-06-27T17:00:22 IST" duration-ms="13529">
      <class name="BotAutomationProject.DreamHotelSuite.SecondTest">
        <test-method is-config="true" signature="setup()[pri:0, instance:BotAutomationProject.DreamHotelSuite.SecondTest@2767e23c]" started-at="2023-06-27T17:00:09 IST" name="setup" finished-at="2023-06-27T17:00:09 IST" duration-ms="1" status="PASS">
          <reporter-output>
          </reporter-output>
        </test-method> <!-- setup -->
        <test-method signature="DreamHotelTest2()[pri:0, instance:BotAutomationProject.DreamHotelSuite.SecondTest@2767e23c]" started-at="2023-06-27T17:00:15 IST" name="DreamHotelTest2" finished-at="2023-06-27T17:00:18 IST" duration-ms="3371" status="PASS">
          <reporter-output>
          </reporter-output>
        </test-method> <!-- DreamHotelTest2 -->
        <test-method is-config="true" signature="finalizeReport()[pri:0, instance:BotAutomationProject.DreamHotelSuite.SecondTest@2767e23c]" started-at="2023-06-27T17:00:22 IST" name="finalizeReport" finished-at="2023-06-27T17:00:22 IST" duration-ms="140" status="PASS">
          <reporter-output>
          </reporter-output>
        </test-method> <!-- finalizeReport -->
      </class> <!-- BotAutomationProject.DreamHotelSuite.SecondTest -->
      <class name="BotAutomationProject.DreamHotelSuite.FirstTest">
        <test-method is-config="true" signature="setup()[pri:0, instance:BotAutomationProject.DreamHotelSuite.FirstTest@1a75e76a]" started-at="2023-06-27T17:00:09 IST" name="setup" finished-at="2023-06-27T17:00:09 IST" duration-ms="337" status="PASS">
          <reporter-output>
          </reporter-output>
        </test-method> <!-- setup -->
        <test-method signature="DreamHotelTest1()[pri:0, instance:BotAutomationProject.DreamHotelSuite.FirstTest@1a75e76a]" started-at="2023-06-27T17:00:09 IST" name="DreamHotelTest1" finished-at="2023-06-27T17:00:15 IST" duration-ms="5261" status="PASS">
          <reporter-output>
          </reporter-output>
        </test-method> <!-- DreamHotelTest1 -->
        <test-method is-config="true" signature="finalizeReport()[pri:0, instance:BotAutomationProject.DreamHotelSuite.FirstTest@1a75e76a]" started-at="2023-06-27T17:00:21 IST" name="finalizeReport" finished-at="2023-06-27T17:00:22 IST" duration-ms="740" status="PASS">
          <reporter-output>
          </reporter-output>
        </test-method> <!-- finalizeReport -->
      </class> <!-- BotAutomationProject.DreamHotelSuite.FirstTest -->
      <class name="BotAutomationProject.DreamHotelSuite.ThirdTest">
        <test-method is-config="true" signature="setup()[pri:0, instance:BotAutomationProject.DreamHotelSuite.ThirdTest@710c2b53]" started-at="2023-06-27T17:00:09 IST" name="setup" finished-at="2023-06-27T17:00:09 IST" duration-ms="0" status="PASS">
          <reporter-output>
          </reporter-output>
        </test-method> <!-- setup -->
        <test-method signature="DreamHotelTest3()[pri:0, instance:BotAutomationProject.DreamHotelSuite.ThirdTest@710c2b53]" started-at="2023-06-27T17:00:18 IST" name="DreamHotelTest3" finished-at="2023-06-27T17:00:21 IST" duration-ms="3538" status="PASS">
          <reporter-output>
          </reporter-output>
        </test-method> <!-- DreamHotelTest3 -->
        <test-method is-config="true" signature="finalizeReport()[pri:0, instance:BotAutomationProject.DreamHotelSuite.ThirdTest@710c2b53]" started-at="2023-06-27T17:00:22 IST" name="finalizeReport" finished-at="2023-06-27T17:00:22 IST" duration-ms="96" status="PASS">
          <reporter-output>
          </reporter-output>
        </test-method> <!-- finalizeReport -->
      </class> <!-- BotAutomationProject.DreamHotelSuite.ThirdTest -->
    </test> <!-- My Test -->
  </suite> <!-- My Test Suite -->
</testng-results>
